<?xml version="1.0" encoding="UTF-8"?>
<testsuite name="core.exchangerate.EngineSpec" tests="1" skipped="0" failures="0" errors="0" timestamp="2021-09-01T07:39:13" hostname="DESKTOP-88BCLKS" time="0.041">
  <properties/>
  <testcase name="test it works" classname="core.exchangerate.EngineSpec" time="0.041"/>
  <system-out><![CDATA[?[36m14:39:12.508?[0;39m ?[1;30m[Test worker]?[0;39m ?[34mINFO ?[0;39m ?[35mi.m.context.env.DefaultEnvironment?[0;39m - Established active environments: [test]
]]></system-out>
  <system-err><![CDATA[]]></system-err>
</testsuite>
